Using pre-set license
Built from '2022.3/release' branch; Version is '2022.3.12f1 (4fe6e059c7ef) revision 5236448'; Using compiler version '192829333'; Build Type 'Release'
OS: 'Windows 11  (10.0.22621) 64bit Core' Language: 'sv' Physical Memory: 16306 MB
BatchMode: 1, IsHumanControllingUs: 0, StartBugReporterOnCrash: 0, Is64bit: 1, IsPro: 1

COMMAND LINE ARGUMENTS:
C:\Program Files\Unity\Hub\Editor\2022.3.12f1\Editor\Unity.exe
-adb2
-batchMode
-noUpm
-name
AssetImportWorker1
-projectPath
C:/Users/Moa Bergström/Documents/Unity/Slutprojekt/Slutprojekt
-logFile
Logs/AssetImportWorker1.log
-srvPort
59929
Successfully changed project path to: C:/Users/Moa Bergström/Documents/Unity/Slutprojekt/Slutprojekt
C:/Users/Moa Bergström/Documents/Unity/Slutprojekt/Slutprojekt
[UnityMemory] Configuration Parameters - Can be set up in boot.config
    "memorysetup-bucket-allocator-granularity=16"
    "memorysetup-bucket-allocator-bucket-count=8"
    "memorysetup-bucket-allocator-block-size=33554432"
    "memorysetup-bucket-allocator-block-count=8"
    "memorysetup-main-allocator-block-size=16777216"
    "memorysetup-thread-allocator-block-size=16777216"
    "memorysetup-gfx-main-allocator-block-size=16777216"
    "memorysetup-gfx-thread-allocator-block-size=16777216"
    "memorysetup-cache-allocator-block-size=4194304"
    "memorysetup-typetree-allocator-block-size=2097152"
    "memorysetup-profiler-bucket-allocator-granularity=16"
    "memorysetup-profiler-bucket-allocator-bucket-count=8"
    "memorysetup-profiler-bucket-allocator-block-size=33554432"
    "memorysetup-profiler-bucket-allocator-block-count=8"
    "memorysetup-profiler-allocator-block-size=16777216"
    "memorysetup-profiler-editor-allocator-block-size=1048576"
    "memorysetup-temp-allocator-size-main=16777216"
    "memorysetup-job-temp-allocator-block-size=2097152"
    "memorysetup-job-temp-allocator-block-size-background=1048576"
    "memorysetup-job-temp-allocator-reduction-small-platforms=262144"
    "memorysetup-allocator-temp-initial-block-size-main=262144"
    "memorysetup-allocator-temp-initial-block-size-worker=262144"
    "memorysetup-temp-allocator-size-background-worker=32768"
    "memorysetup-temp-allocator-size-job-worker=262144"
    "memorysetup-temp-allocator-size-preload-manager=33554432"
    "memorysetup-temp-allocator-size-nav-mesh-worker=65536"
    "memorysetup-temp-allocator-size-audio-worker=65536"
    "memorysetup-temp-allocator-size-cloud-worker=32768"
    "memorysetup-temp-allocator-size-gi-baking-worker=262144"
    "memorysetup-temp-allocator-size-gfx=262144"
Player connection [35880] Host "[IP] 192.168.0.27 [Port] 0 [Flags] 2 [Guid] 887597311 [EditorId] 887597311 [Version] 1048832 [Id] WindowsEditor(7,DESKTOP-H5CDTU3) [Debug] 1 [PackageName] WindowsEditor [ProjectName] Editor" joined multi-casting on [225.0.0.222:54997]...

Player connection [35880] Host "[IP] 192.168.0.27 [Port] 0 [Flags] 2 [Guid] 887597311 [EditorId] 887597311 [Version] 1048832 [Id] WindowsEditor(7,DESKTOP-H5CDTU3) [Debug] 1 [PackageName] WindowsEditor [ProjectName] Editor" joined alternative multi-casting on [225.0.0.222:34997]...

[Physics::Module] Initialized MultithreadedJobDispatcher with 15 workers.
Refreshing native plugins compatible for Editor in 6.09 ms, found 3 plugins.
Preloading 0 native plugins for Editor in 0.00 ms.
Initialize engine version: 2022.3.12f1 (4fe6e059c7ef)
[Subsystems] Discovering subsystems at path C:/Program Files/Unity/Hub/Editor/2022.3.12f1/Editor/Data/Resources/UnitySubsystems
[Subsystems] Discovering subsystems at path C:/Users/Moa Bergström/Documents/Unity/Slutprojekt/Slutprojekt/Assets
GfxDevice: creating device client; threaded=0; jobified=0
Direct3D:
    Version:  Direct3D 11.0 [level 11.1]
    Renderer: AMD Radeon RX 6700 XT (ID=0x73df)
    Vendor:   ATI
    VRAM:     12243 MB
    Driver:   31.0.22017.3004
Initialize mono
Mono path[0] = 'C:/Program Files/Unity/Hub/Editor/2022.3.12f1/Editor/Data/Managed'
Mono path[1] = 'C:/Program Files/Unity/Hub/Editor/2022.3.12f1/Editor/Data/MonoBleedingEdge/lib/mono/unityjit-win32'
Mono config path = 'C:/Program Files/Unity/Hub/Editor/2022.3.12f1/Editor/Data/MonoBleedingEdge/etc'
Using monoOptions --debugger-agent=transport=dt_socket,embedding=1,server=y,suspend=n,address=127.0.0.1:56972
Begin MonoManager ReloadAssembly
Registering precompiled unity dll's ...
Register platform support module: C:/Program Files/Unity/Hub/Editor/2022.3.12f1/Editor/Data/PlaybackEngines/WebGLSupport/UnityEditor.WebGL.Extensions.dll
Register platform support module: C:/Program Files/Unity/Hub/Editor/2022.3.12f1/Editor/Data/PlaybackEngines/WindowsStandaloneSupport/UnityEditor.WindowsStandalone.Extensions.dll
Registered in 0.006313 seconds.
- Loaded All Assemblies, in  0.257 seconds
Native extension for WindowsStandalone target not found
Native extension for WebGL target not found
Mono: successfully reloaded assembly
- Finished resetting the current domain, in  0.183 seconds
Domain Reload Profiling: 438ms
	BeginReloadAssembly (79ms)
		ExecutionOrderSort (0ms)
		DisableScriptedObjects (0ms)
		BackupInstance (0ms)
		ReleaseScriptingObjects (0ms)
		CreateAndSetChildDomain (1ms)
	RebuildCommonClasses (23ms)
	RebuildNativeTypeToScriptingClass (7ms)
	initialDomainReloadingComplete (43ms)
	LoadAllAssembliesAndSetupDomain (103ms)
		LoadAssemblies (77ms)
		RebuildTransferFunctionScriptingTraits (0ms)
		AnalyzeDomain (101ms)
			TypeCache.Refresh (100ms)
				TypeCache.ScanAssembly (90ms)
			ScanForSourceGeneratedMonoScriptInfo (0ms)
			ResolveRequiredComponents (0ms)
	FinalizeReload (183ms)
		ReleaseScriptCaches (0ms)
		RebuildScriptCaches (0ms)
		SetupLoadedEditorAssemblies (141ms)
			LogAssemblyErrors (0ms)
			InitializePlatformSupportModulesInManaged (8ms)
			SetLoadedEditorAssemblies (4ms)
			RefreshPlugins (0ms)
			BeforeProcessingInitializeOnLoad (2ms)
			ProcessInitializeOnLoadAttributes (93ms)
			ProcessInitializeOnLoadMethodAttributes (34ms)
			AfterProcessingInitializeOnLoad (0ms)
			EditorAssembliesLoaded (0ms)
		ExecutionOrderSort2 (0ms)
		AwakeInstancesAfterBackupRestoration (0ms)
========================================================================
Worker process is ready to serve import requests
Begin MonoManager ReloadAssembly
- Loaded All Assemblies, in  0.456 seconds
Refreshing native plugins compatible for Editor in 2.94 ms, found 3 plugins.
Native extension for WindowsStandalone target not found
Native extension for WebGL target not found
Package Manager log level set to [2]
[Package Manager] Server::EnsureServerProcessIsRunning -- launch failed, reason: Unity was launched with the -noUpm command-line argument
[Package Manager] UpmClient::Send -- Unable to send message (not connected to UPM process).
[Package Manager] Cannot connect to Unity Package Manager local server
Mono: successfully reloaded assembly
- Finished resetting the current domain, in  0.411 seconds
Domain Reload Profiling: 865ms
	BeginReloadAssembly (117ms)
		ExecutionOrderSort (0ms)
		DisableScriptedObjects (4ms)
		BackupInstance (0ms)
		ReleaseScriptingObjects (0ms)
		CreateAndSetChildDomain (24ms)
	RebuildCommonClasses (23ms)
	RebuildNativeTypeToScriptingClass (7ms)
	initialDomainReloadingComplete (33ms)
	LoadAllAssembliesAndSetupDomain (273ms)
		LoadAssemblies (217ms)
		RebuildTransferFunctionScriptingTraits (0ms)
		AnalyzeDomain (119ms)
			TypeCache.Refresh (104ms)
				TypeCache.ScanAssembly (93ms)
			ScanForSourceGeneratedMonoScriptInfo (10ms)
			ResolveRequiredComponents (3ms)
	FinalizeReload (411ms)
		ReleaseScriptCaches (0ms)
		RebuildScriptCaches (0ms)
		SetupLoadedEditorAssemblies (305ms)
			LogAssemblyErrors (0ms)
			InitializePlatformSupportModulesInManaged (5ms)
			SetLoadedEditorAssemblies (3ms)
			RefreshPlugins (0ms)
			BeforeProcessingInitializeOnLoad (46ms)
			ProcessInitializeOnLoadAttributes (229ms)
			ProcessInitializeOnLoadMethodAttributes (15ms)
			AfterProcessingInitializeOnLoad (6ms)
			EditorAssembliesLoaded (0ms)
		ExecutionOrderSort2 (0ms)
		AwakeInstancesAfterBackupRestoration (5ms)
Launched and connected shader compiler UnityShaderCompiler.exe after 0.03 seconds
Refreshing native plugins compatible for Editor in 2.72 ms, found 3 plugins.
Preloading 0 native plugins for Editor in 0.00 ms.
Unloading 3108 Unused Serialized files (Serialized files now loaded: 0)
Unloading 32 unused Assets / (57.2 KB). Loaded Objects now: 3573.
Memory consumption went from 126.3 MB to 126.2 MB.
Total: 2.751400 ms (FindLiveObjects: 0.221300 ms CreateObjectMapping: 0.129000 ms MarkObjects: 2.311900 ms  DeleteObjects: 0.088300 ms)

AssetImportParameters requested are different than current active one (requested -> active):
  custom:container-demuxer-ogg: 62fdf1f143b41e24485cea50d1cbac27 -> 
  custom:video-decoder-ogg-theora: a1e56fd34408186e4bbccfd4996cb3dc -> 
  custom:framework-win-MediaFoundation: 216162199b28c13a410421893ffa2e32 -> 
  custom:CustomObjectIndexerAttribute: 756ad292c208cfabdd7b50bc23989ffe -> 
  custom:container-demuxer-webm: 4f35f7cbe854078d1ac9338744f61a02 -> 
  custom:container-muxer-webm: aa71ff27fc2769a1b78a27578f13a17b -> 
  custom:video-decoder-webm-vp8: 9c59270c3fd7afecdb556c50c9e8de78 -> 
  custom:SearchIndexIgnoredProperties: e643bd26f0fe6173181afceb89e7c659 -> 
  custom:AudioImporter_EditorPlatform: d09bf68614088b80899f8185d706f6e7 -> 
  custom:video-encoder-webm-vp8: eb34c28f22e8b96e1ab97ce403110664 -> 
  custom:audio-decoder-ogg-vorbis: bf7c407c2cedff20999df2af8eb42d56 -> 
  custom:audio-encoder-webm-vorbis: bf7c407c2cedff20999df2af8eb42d56 -> 
========================================================================
Received Import Request.
  Time since last request: 872154.769319 seconds.
  path: Assets/Downloaded assets/Audio/FREE CASUAL MUSIC PACK
  artifactKey: Guid(a3a31cecf7eba254c937cd8348372c90) Importer(815301076,1909f56bfc062723c751e8b465ee728b)
Start importing Assets/Downloaded assets/Audio/FREE CASUAL MUSIC PACK using Guid(a3a31cecf7eba254c937cd8348372c90) Importer(815301076,1909f56bfc062723c751e8b465ee728b)  -> (artifact id: 'f0f0e46aa2948931336b6013945e7a16') in 0.002435 seconds
Number of updated asset objects reloaded before import = 0
Number of asset objects unloaded after import = 0
========================================================================
Received Import Request.
  Time since last request: 0.000010 seconds.
  path: Assets/Downloaded assets/Audio/FREE CASUAL MUSIC PACK/BONUS 1 - EXTRA FULL TRACK
  artifactKey: Guid(f5e512414f759ac49846388d8758ef16) Importer(815301076,1909f56bfc062723c751e8b465ee728b)
Start importing Assets/Downloaded assets/Audio/FREE CASUAL MUSIC PACK/BONUS 1 - EXTRA FULL TRACK using Guid(f5e512414f759ac49846388d8758ef16) Importer(815301076,1909f56bfc062723c751e8b465ee728b)  -> (artifact id: '7b31da4a162f4b6735dcad82b16cbbe9') in 0.000254 seconds
Number of updated asset objects reloaded before import = 0
Number of asset objects unloaded after import = 0
========================================================================
Received Import Request.
  Time since last request: 0.000029 seconds.
  path: Assets/Downloaded assets/Audio/FREE CASUAL MUSIC PACK/BONUS 1 - EXTRA FULL TRACK/TROPICAL GAME.wav
  artifactKey: Guid(b90b002a8cd137243a4b5e955f3b220f) Importer(815301076,1909f56bfc062723c751e8b465ee728b)
Start importing Assets/Downloaded assets/Audio/FREE CASUAL MUSIC PACK/BONUS 1 - EXTRA FULL TRACK/TROPICAL GAME.wav using Guid(b90b002a8cd137243a4b5e955f3b220f) Importer(815301076,1909f56bfc062723c751e8b465ee728b)  -> (artifact id: '18cff588a52d25afbdc3d86d69151862') in 0.075041 seconds
Number of updated asset objects reloaded before import = 0
Number of asset objects unloaded after import = 2
========================================================================
Received Import Request.
  Time since last request: 2.666592 seconds.
  path: Assets/Downloaded assets/Audio/FREE CASUAL MUSIC PACK/BONUS 2 - SFX/POP 1.wav
  artifactKey: Guid(674164301a9ad2345adc93c006e87495) Importer(815301076,1909f56bfc062723c751e8b465ee728b)
Start importing Assets/Downloaded assets/Audio/FREE CASUAL MUSIC PACK/BONUS 2 - SFX/POP 1.wav using Guid(674164301a9ad2345adc93c006e87495) Importer(815301076,1909f56bfc062723c751e8b465ee728b)  -> (artifact id: 'dec016f870708248e87f7e6e90ff2acc') in 0.005264 seconds
Number of updated asset objects reloaded before import = 0
Number of asset objects unloaded after import = 2
========================================================================
Received Import Request.
  Time since last request: 0.000011 seconds.
  path: Assets/Downloaded assets/Audio/FREE CASUAL MUSIC PACK/BONUS 2 - SFX/SPECIAL COLECT 1.wav
  artifactKey: Guid(aefff84a12c287b4a8012f4034d9f224) Importer(815301076,1909f56bfc062723c751e8b465ee728b)
Start importing Assets/Downloaded assets/Audio/FREE CASUAL MUSIC PACK/BONUS 2 - SFX/SPECIAL COLECT 1.wav using Guid(aefff84a12c287b4a8012f4034d9f224) Importer(815301076,1909f56bfc062723c751e8b465ee728b)  -> (artifact id: '1411e25ce4ec3ac6d0c55e113f98f33d') in 0.004521 seconds
Number of updated asset objects reloaded before import = 0
Number of asset objects unloaded after import = 2
========================================================================
Received Import Request.
  Time since last request: 0.000010 seconds.
  path: Assets/Downloaded assets/Audio/FREE CASUAL MUSIC PACK/BONUS 2 - SFX/POWERUP 1.wav
  artifactKey: Guid(9a9c299152803c843b0b9ee35114535b) Importer(815301076,1909f56bfc062723c751e8b465ee728b)
Start importing Assets/Downloaded assets/Audio/FREE CASUAL MUSIC PACK/BONUS 2 - SFX/POWERUP 1.wav using Guid(9a9c299152803c843b0b9ee35114535b) Importer(815301076,1909f56bfc062723c751e8b465ee728b)  -> (artifact id: 'f992ed673a56d03dca5e052cf69b26e8') in 0.005595 seconds
Number of updated asset objects reloaded before import = 0
Number of asset objects unloaded after import = 2
========================================================================
Received Import Request.
  Time since last request: 8.865126 seconds.
  path: Assets/Downloaded assets/Audio/FREE CASUAL MUSIC PACK/CASUAL THEME 2/CASUAL THEME 2 - LOOP 2.wav
  artifactKey: Guid(6b99e4ca54feb1c499bd45b2c95dfde1) Importer(815301076,1909f56bfc062723c751e8b465ee728b)
Start importing Assets/Downloaded assets/Audio/FREE CASUAL MUSIC PACK/CASUAL THEME 2/CASUAL THEME 2 - LOOP 2.wav using Guid(6b99e4ca54feb1c499bd45b2c95dfde1) Importer(815301076,1909f56bfc062723c751e8b465ee728b)  -> (artifact id: '951e989541b326d3efc8dc1d4e2710a0') in 0.008762 seconds
Number of updated asset objects reloaded before import = 0
Number of asset objects unloaded after import = 2
========================================================================
Received Import Request.
  Time since last request: 0.000011 seconds.
  path: Assets/Downloaded assets/Audio/FREE CASUAL MUSIC PACK/CASUAL THEME 2/CASUAL THEME 2 - LOOP 3.wav
  artifactKey: Guid(845f28f9ae11b4b4181d3f627c5c4a1f) Importer(815301076,1909f56bfc062723c751e8b465ee728b)
Start importing Assets/Downloaded assets/Audio/FREE CASUAL MUSIC PACK/CASUAL THEME 2/CASUAL THEME 2 - LOOP 3.wav using Guid(845f28f9ae11b4b4181d3f627c5c4a1f) Importer(815301076,1909f56bfc062723c751e8b465ee728b)  -> (artifact id: '22ec03c5f5420e9fa1d5153269b3f94d') in 0.004802 seconds
Number of updated asset objects reloaded before import = 0
Number of asset objects unloaded after import = 2
========================================================================
Received Import Request.
  Time since last request: 9.817742 seconds.
  path: Assets/Downloaded assets/Audio/FREE CASUAL MUSIC PACK/CASUAL THEME 3/CASUAL THEME 3 - LOOP (3).wav
  artifactKey: Guid(fecae2a77cef6694caa4dd7624c09ef9) Importer(815301076,1909f56bfc062723c751e8b465ee728b)
Start importing Assets/Downloaded assets/Audio/FREE CASUAL MUSIC PACK/CASUAL THEME 3/CASUAL THEME 3 - LOOP (3).wav using Guid(fecae2a77cef6694caa4dd7624c09ef9) Importer(815301076,1909f56bfc062723c751e8b465ee728b)  -> (artifact id: 'd7addc651ad79072b7161312d4e67d59') in 0.005438 seconds
Number of updated asset objects reloaded before import = 0
Number of asset objects unloaded after import = 2
========================================================================
Received Import Request.
  Time since last request: 0.000010 seconds.
  path: Assets/Downloaded assets/Audio/FREE CASUAL MUSIC PACK/CASUAL THEME 3/CASUAL THEME 3 - LOOP (4).wav
  artifactKey: Guid(390e7a99cb0560f49a1dd255b0e3b819) Importer(815301076,1909f56bfc062723c751e8b465ee728b)
Start importing Assets/Downloaded assets/Audio/FREE CASUAL MUSIC PACK/CASUAL THEME 3/CASUAL THEME 3 - LOOP (4).wav using Guid(390e7a99cb0560f49a1dd255b0e3b819) Importer(815301076,1909f56bfc062723c751e8b465ee728b)  -> (artifact id: '38075469a5fb65cef58f3e347003180c') in 0.003945 seconds
Number of updated asset objects reloaded before import = 0
Number of asset objects unloaded after import = 2
========================================================================
Received Import Request.
  Time since last request: 12.822045 seconds.
  path: Assets/Downloaded assets/Audio/FREE CASUAL MUSIC PACK/OTHERS/Chinese_loop 1.wav
  artifactKey: Guid(2a5e5cb41bb1f6d44b940f084541e17a) Importer(815301076,1909f56bfc062723c751e8b465ee728b)
Start importing Assets/Downloaded assets/Audio/FREE CASUAL MUSIC PACK/OTHERS/Chinese_loop 1.wav using Guid(2a5e5cb41bb1f6d44b940f084541e17a) Importer(815301076,1909f56bfc062723c751e8b465ee728b)  -> (artifact id: '97ed321627c2c27dd20ca856e76a4951') in 0.005165 seconds
Number of updated asset objects reloaded before import = 0
Number of asset objects unloaded after import = 2
========================================================================
Received Import Request.
  Time since last request: 9.792180 seconds.
  path: Assets/Downloaded assets/Audio/FREE CASUAL MUSIC PACK/RUNNING WILD/RUNNING WILD - LOOP 4.wav
  artifactKey: Guid(0869bcc8afadcbd4182169d7dc3e6484) Importer(815301076,1909f56bfc062723c751e8b465ee728b)
Start importing Assets/Downloaded assets/Audio/FREE CASUAL MUSIC PACK/RUNNING WILD/RUNNING WILD - LOOP 4.wav using Guid(0869bcc8afadcbd4182169d7dc3e6484) Importer(815301076,1909f56bfc062723c751e8b465ee728b)  -> (artifact id: '578ca88c32c06553ff5632dbfd4d420e') in 0.004898 seconds
Number of updated asset objects reloaded before import = 0
Number of asset objects unloaded after import = 2
========================================================================
Received Import Request.
  Time since last request: 6.990696 seconds.
  path: Assets/Downloaded assets/Audio/Medieval Life - Instrumental Music/8 - Medieval Life_2.wav
  artifactKey: Guid(7cc90fc939f8c314581d882ecca1f140) Importer(815301076,1909f56bfc062723c751e8b465ee728b)
Start importing Assets/Downloaded assets/Audio/Medieval Life - Instrumental Music/8 - Medieval Life_2.wav using Guid(7cc90fc939f8c314581d882ecca1f140) Importer(815301076,1909f56bfc062723c751e8b465ee728b)  -> (artifact id: 'c07ebd83a58f231abdf881accae0cd47') in 0.004961 seconds
Number of updated asset objects reloaded before import = 0
Number of asset objects unloaded after import = 2
========================================================================
Received Import Request.
  Time since last request: 0.004783 seconds.
  path: Assets/Downloaded assets/Audio/Medieval Life - Instrumental Music/8 - Medieval Life_3.wav
  artifactKey: Guid(a9fc19f288f0538479039efce0b488ef) Importer(815301076,1909f56bfc062723c751e8b465ee728b)
Start importing Assets/Downloaded assets/Audio/Medieval Life - Instrumental Music/8 - Medieval Life_3.wav using Guid(a9fc19f288f0538479039efce0b488ef) Importer(815301076,1909f56bfc062723c751e8b465ee728b)  -> (artifact id: 'bf61cd30e5484fd91f146518beec66e2') in 0.005084 seconds
Number of updated asset objects reloaded before import = 0
Number of asset objects unloaded after import = 2
========================================================================
Received Import Request.
  Time since last request: 0.000011 seconds.
  path: Assets/Downloaded assets/Audio/Medieval Life - Instrumental Music/8 - Medieval Life_4.wav
  artifactKey: Guid(4af175bf8cd4b034db94aabc569cdc13) Importer(815301076,1909f56bfc062723c751e8b465ee728b)
Start importing Assets/Downloaded assets/Audio/Medieval Life - Instrumental Music/8 - Medieval Life_4.wav using Guid(4af175bf8cd4b034db94aabc569cdc13) Importer(815301076,1909f56bfc062723c751e8b465ee728b)  -> (artifact id: '107861fa9cc12d50c5dd3508c4d7e6f7') in 0.004217 seconds
Number of updated asset objects reloaded before import = 0
Number of asset objects unloaded after import = 2
